0 info it worked if it ends with ok
1 verbose cli [ '/usr/bin/node', '/usr/bin/npm', 'install', 'phantomjs-cli' ]
2 info using npm@1.4.28
3 info using node@v0.10.36
4 verbose node symlink /usr/bin/node
5 warn package.json appartamentipattimarina@0.0.0 No repository field.
6 verbose readDependencies using package.json deps
7 verbose cache add [ 'phantomjs-cli', null ]
8 verbose cache add name=undefined spec="phantomjs-cli" args=["phantomjs-cli",null]
9 verbose parsed url { protocol: null,
9 verbose parsed url   slashes: null,
9 verbose parsed url   auth: null,
9 verbose parsed url   host: null,
9 verbose parsed url   port: null,
9 verbose parsed url   hostname: null,
9 verbose parsed url   hash: null,
9 verbose parsed url   search: null,
9 verbose parsed url   query: null,
9 verbose parsed url   pathname: 'phantomjs-cli',
9 verbose parsed url   path: 'phantomjs-cli',
9 verbose parsed url   href: 'phantomjs-cli' }
10 silly lockFile 4b6ebc51-phantomjs-cli phantomjs-cli
11 verbose lock phantomjs-cli /home/tino/.npm/4b6ebc51-phantomjs-cli.lock
12 silly lockFile 4b6ebc51-phantomjs-cli phantomjs-cli
13 silly lockFile 4b6ebc51-phantomjs-cli phantomjs-cli
14 verbose addNamed [ 'phantomjs-cli', '' ]
15 verbose addNamed [ null, '*' ]
16 silly lockFile 75f6fa41-phantomjs-cli phantomjs-cli@
17 verbose lock phantomjs-cli@ /home/tino/.npm/75f6fa41-phantomjs-cli.lock
18 silly addNameRange { name: 'phantomjs-cli', range: '*', hasData: false }
19 verbose request where is /phantomjs-cli
20 verbose request registry https://registry.npmjs.org/
21 verbose request id 2b0889457e1413cb
22 verbose url raw /phantomjs-cli
23 verbose url resolving [ 'https://registry.npmjs.org/', './phantomjs-cli' ]
24 verbose url resolved https://registry.npmjs.org/phantomjs-cli
25 verbose request where is https://registry.npmjs.org/phantomjs-cli
26 info trying registry request attempt 1 at 22:20:42
27 http GET https://registry.npmjs.org/phantomjs-cli
28 http 404 https://registry.npmjs.org/phantomjs-cli
29 verbose headers { date: 'Thu, 05 Mar 2015 21:20:43 GMT',
29 verbose headers   server: 'CouchDB/1.5.0 (Erlang OTP/R16B03)',
29 verbose headers   'content-type': 'application/json',
29 verbose headers   'cache-control': 'max-age=0',
29 verbose headers   'content-length': '52',
29 verbose headers   'accept-ranges': 'bytes',
29 verbose headers   via: '1.1 varnish',
29 verbose headers   age: '0',
29 verbose headers   'x-served-by': 'cache-fra1230-FRA',
29 verbose headers   'x-cache': 'MISS',
29 verbose headers   'x-cache-hits': '0',
29 verbose headers   'x-timer': 'S1425590443.217749,VS0,VE419',
29 verbose headers   'keep-alive': 'timeout=10, max=50',
29 verbose headers   connection: 'Keep-Alive' }
30 silly registry.get cb [ 404,
30 silly registry.get   { date: 'Thu, 05 Mar 2015 21:20:43 GMT',
30 silly registry.get     server: 'CouchDB/1.5.0 (Erlang OTP/R16B03)',
30 silly registry.get     'content-type': 'application/json',
30 silly registry.get     'cache-control': 'max-age=0',
30 silly registry.get     'content-length': '52',
30 silly registry.get     'accept-ranges': 'bytes',
30 silly registry.get     via: '1.1 varnish',
30 silly registry.get     age: '0',
30 silly registry.get     'x-served-by': 'cache-fra1230-FRA',
30 silly registry.get     'x-cache': 'MISS',
30 silly registry.get     'x-cache-hits': '0',
30 silly registry.get     'x-timer': 'S1425590443.217749,VS0,VE419',
30 silly registry.get     'keep-alive': 'timeout=10, max=50',
30 silly registry.get     connection: 'Keep-Alive' } ]
31 silly lockFile 75f6fa41-phantomjs-cli phantomjs-cli@
32 silly lockFile 75f6fa41-phantomjs-cli phantomjs-cli@
33 error 404 404 Not Found: phantomjs-cli
33 error 404
33 error 404 'phantomjs-cli' is not in the npm registry.
33 error 404 You should bug the author to publish it
33 error 404 It was specified as a dependency of 'appartamentipattimarina'
33 error 404
33 error 404 Note that you can also install from a
33 error 404 tarball, folder, or http url, or git url.
34 error System Linux 3.13.0-46-generic
35 error command "/usr/bin/node" "/usr/bin/npm" "install" "phantomjs-cli"
36 error cwd /home/tino/git/appartementipattimarina
37 error node -v v0.10.36
38 error npm -v 1.4.28
39 error code E404
40 verbose exit [ 1, true ]
